\BOOKMARK [1][-]{section.1}{\376\377\000i\000n\000t\000r\000o\000d\000u\000c\000t\000i\000o\000n}{}% 1
\BOOKMARK [1][-]{section.2}{\376\377\000P\000r\000e\000l\000i\000m\000i\000n\000a\000r\000y}{}% 2
\BOOKMARK [2][-]{subsection.2.1}{\376\377\000O\000n\000-\000P\000o\000l\000i\000c\000y\000\040\000K\000n\000o\000w\000l\000e\000d\000g\000e\000\040\000D\000i\000s\000t\000i\000l\000l\000a\000t\000i\000o\000n}{section.2}% 3
\BOOKMARK [2][-]{subsection.2.2}{\376\377\000U\000n\000c\000e\000r\000t\000a\000i\000n\000t\000y\000\040\000i\000n\000\040\000L\000L\000M\000s}{section.2}% 4
\BOOKMARK [1][-]{section.3}{\376\377\000M\000e\000t\000h\000o\000d}{}% 5
\BOOKMARK [2][-]{subsection.3.1}{\376\377\000O\000f\000f\000l\000i\000n\000e\000\040\000S\000e\000m\000a\000n\000t\000i\000c\000\040\000E\000n\000t\000r\000o\000p\000y\000\040\000E\000s\000t\000i\000m\000a\000t\000i\000o\000n}{section.3}% 6
\BOOKMARK [2][-]{subsection.3.2}{\376\377\000U\000n\000c\000e\000r\000t\000a\000i\000n\000t\000y\000-\000C\000a\000l\000i\000b\000r\000a\000t\000e\000d\000\040\000O\000n\000-\000P\000o\000l\000i\000c\000y\000\040\000D\000i\000s\000t\000i\000l\000l\000a\000t\000i\000o\000n}{section.3}% 7
\BOOKMARK [2][-]{subsection.3.3}{\376\377\000O\000v\000e\000r\000a\000l\000l\000\040\000T\000r\000a\000i\000n\000i\000n\000g\000\040\000O\000b\000j\000e\000c\000t\000i\000v\000e}{section.3}% 8
\BOOKMARK [1][-]{section.4}{\376\377\000E\000x\000p\000e\000r\000i\000m\000e\000n\000t\000s}{}% 9
\BOOKMARK [2][-]{subsection.4.1}{\376\377\000S\000U\000R\000E\000-\000M\000a\000t\000h\000\040\000D\000a\000t\000a\000s\000e\000t}{section.4}% 10
\BOOKMARK [2][-]{subsection.4.2}{\376\377\000E\000x\000p\000e\000r\000i\000m\000e\000n\000t\000a\000l\000\040\000S\000e\000t\000u\000p}{section.4}% 11
\BOOKMARK [2][-]{subsection.4.3}{\376\377\000E\000v\000a\000l\000u\000a\000t\000i\000o\000n}{section.4}% 12
\BOOKMARK [2][-]{subsection.4.4}{\376\377\000M\000a\000i\000n\000\040\000R\000e\000s\000u\000l\000t\000s}{section.4}% 13
\BOOKMARK [2][-]{subsection.4.5}{\376\377\000A\000b\000l\000a\000t\000i\000o\000n\000\040\000S\000t\000u\000d\000i\000e\000s}{section.4}% 14
\BOOKMARK [2][-]{subsection.4.6}{\376\377\000A\000n\000a\000l\000y\000s\000i\000s}{section.4}% 15
\BOOKMARK [1][-]{section.5}{\376\377\000R\000e\000l\000a\000t\000e\000d\000\040\000W\000o\000r\000k}{}% 16
\BOOKMARK [2][-]{subsection.5.1}{\376\377\000K\000n\000o\000w\000l\000e\000d\000g\000e\000\040\000D\000i\000s\000t\000i\000l\000l\000a\000t\000i\000o\000n\000\040\000f\000o\000r\000\040\000L\000a\000n\000g\000u\000a\000g\000e\000\040\000M\000o\000d\000e\000l\000s}{section.5}% 17
\BOOKMARK [2][-]{subsection.5.2}{\376\377\000L\000e\000a\000r\000n\000i\000n\000g\000\040\000f\000r\000o\000m\000\040\000V\000e\000r\000i\000f\000i\000c\000a\000t\000i\000o\000n\000\040\000F\000e\000e\000d\000b\000a\000c\000k}{section.5}% 18
\BOOKMARK [2][-]{subsection.5.3}{\376\377\000C\000o\000n\000t\000r\000a\000s\000t\000i\000v\000e\000\040\000L\000e\000a\000r\000n\000i\000n\000g\000\040\000f\000o\000r\000\040\000L\000a\000n\000g\000u\000a\000g\000e\000\040\000M\000o\000d\000e\000l\000s}{section.5}% 19
\BOOKMARK [1][-]{section.6}{\376\377\000C\000o\000n\000c\000l\000u\000s\000i\000o\000n}{}% 20
\BOOKMARK [1][-]{appendix.A}{\376\377\000I\000m\000p\000l\000e\000m\000e\000n\000t\000a\000t\000i\000o\000n\000\040\000D\000e\000t\000a\000i\000l\000s}{}% 21
\BOOKMARK [2][-]{subsection.A.1}{\376\377\000D\000i\000s\000t\000r\000i\000b\000u\000t\000e\000d\000\040\000T\000r\000a\000i\000n\000i\000n\000g\000\040\000A\000r\000c\000h\000i\000t\000e\000c\000t\000u\000r\000e}{appendix.A}% 22
\BOOKMARK [2][-]{subsection.A.2}{\376\377\000M\000e\000m\000o\000r\000y\000\040\000O\000p\000t\000i\000m\000i\000z\000a\000t\000i\000o\000n\000\040\000T\000e\000c\000h\000n\000i\000q\000u\000e\000s}{appendix.A}% 23
\BOOKMARK [2][-]{subsection.A.3}{\376\377\000C\000o\000m\000m\000u\000n\000i\000c\000a\000t\000i\000o\000n\000\040\000B\000a\000c\000k\000e\000n\000d\000\040\000S\000e\000l\000e\000c\000t\000i\000o\000n}{appendix.A}% 24
\BOOKMARK [1][-]{appendix.B}{\376\377\000A\000d\000d\000i\000t\000i\000o\000n\000a\000l\000\040\000E\000x\000p\000e\000r\000i\000m\000e\000n\000t\000a\000l\000\040\000R\000e\000s\000u\000l\000t\000s}{}% 25
\BOOKMARK [2][-]{subsection.B.1}{\376\377\000H\000y\000p\000e\000r\000p\000a\000r\000a\000m\000e\000t\000e\000r\000\040\000S\000e\000n\000s\000i\000t\000i\000v\000i\000t\000y}{appendix.B}% 26
\BOOKMARK [2][-]{subsection.B.2}{\376\377\000E\000v\000a\000l\000u\000a\000t\000i\000o\000n\000\040\000P\000r\000o\000t\000o\000c\000o\000l\000\040\000D\000e\000t\000a\000i\000l\000s}{appendix.B}% 27
\BOOKMARK [2][-]{subsection.B.3}{\376\377\000C\000o\000m\000p\000u\000t\000a\000t\000i\000o\000n\000a\000l\000\040\000C\000o\000s\000t}{appendix.B}% 28
\BOOKMARK [1][-]{appendix.C}{\376\377\000R\000e\000p\000r\000o\000d\000u\000c\000i\000b\000i\000l\000i\000t\000y}{}% 29
